Using pre-set license
Built from '2022.3/staging' branch; Version is '2022.3.16f1 (d2c21f0ef2f1) revision 13812255'; Using compiler version '192829333'; Build Type 'Release'
OS: 'Windows 10  (10.0.19045) 64bit Professional' Language: 'en' Physical Memory: 32433 MB
BatchMode: 1, IsHumanControllingUs: 0, StartBugReporterOnCrash: 0, Is64bit: 1, IsPro: 1

COMMAND LINE ARGUMENTS:
C:\Program Files\Unity\Hub\Editor\2022.3.16f1\Editor\Unity.exe
-adb2
-batchMode
-noUpm
-name
AssetImportWorker4
-projectPath
C:/Users/dyarbrough/GAT420-AI-Unity
-logFile
Logs/AssetImportWorker4.log
-srvPort
61271
Successfully changed project path to: C:/Users/dyarbrough/GAT420-AI-Unity
C:/Users/dyarbrough/GAT420-AI-Unity
[UnityMemory] Configuration Parameters - Can be set up in boot.config
    "memorysetup-bucket-allocator-granularity=16"
    "memorysetup-bucket-allocator-bucket-count=8"
    "memorysetup-bucket-allocator-block-size=33554432"
    "memorysetup-bucket-allocator-block-count=8"
    "memorysetup-main-allocator-block-size=16777216"
    "memorysetup-thread-allocator-block-size=16777216"
    "memorysetup-gfx-main-allocator-block-size=16777216"
    "memorysetup-gfx-thread-allocator-block-size=16777216"
    "memorysetup-cache-allocator-block-size=4194304"
    "memorysetup-typetree-allocator-block-size=2097152"
    "memorysetup-profiler-bucket-allocator-granularity=16"
    "memorysetup-profiler-bucket-allocator-bucket-count=8"
    "memorysetup-profiler-bucket-allocator-block-size=33554432"
    "memorysetup-profiler-bucket-allocator-block-count=8"
    "memorysetup-profiler-allocator-block-size=16777216"
    "memorysetup-profiler-editor-allocator-block-size=1048576"
    "memorysetup-temp-allocator-size-main=16777216"
    "memorysetup-job-temp-allocator-block-size=2097152"
    "memorysetup-job-temp-allocator-block-size-background=1048576"
    "memorysetup-job-temp-allocator-reduction-small-platforms=262144"
    "memorysetup-allocator-temp-initial-block-size-main=262144"
    "memorysetup-allocator-temp-initial-block-size-worker=262144"
    "memorysetup-temp-allocator-size-background-worker=32768"
    "memorysetup-temp-allocator-size-job-worker=262144"
    "memorysetup-temp-allocator-size-preload-manager=33554432"
    "memorysetup-temp-allocator-size-nav-mesh-worker=65536"
    "memorysetup-temp-allocator-size-audio-worker=65536"
    "memorysetup-temp-allocator-size-cloud-worker=32768"
    "memorysetup-temp-allocator-size-gi-baking-worker=262144"
    "memorysetup-temp-allocator-size-gfx=262144"
Player connection [33324] Host "[IP] 192.168.195.1 [Port] 0 [Flags] 2 [Guid] 1090412821 [EditorId] 1090412821 [Version] 1048832 [Id] WindowsEditor(7,LAPTOP-CCI648QA) [Debug] 1 [PackageName] WindowsEditor [ProjectName] Editor" joined multi-casting on [225.0.0.222:54997]...

Player connection [33324] Host "[IP] 192.168.195.1 [Port] 0 [Flags] 2 [Guid] 1090412821 [EditorId] 1090412821 [Version] 1048832 [Id] WindowsEditor(7,LAPTOP-CCI648QA) [Debug] 1 [PackageName] WindowsEditor [ProjectName] Editor" joined alternative multi-casting on [225.0.0.222:34997]...

[Physics::Module] Initialized MultithreadedJobDispatcher with 19 workers.
Refreshing native plugins compatible for Editor in 19.16 ms, found 3 plugins.
Preloading 0 native plugins for Editor in 0.00 ms.
Initialize engine version: 2022.3.16f1 (d2c21f0ef2f1)
[Subsystems] Discovering subsystems at path C:/Program Files/Unity/Hub/Editor/2022.3.16f1/Editor/Data/Resources/UnitySubsystems
[Subsystems] Discovering subsystems at path C:/Users/dyarbrough/GAT420-AI-Unity/Assets
GfxDevice: creating device client; threaded=0; jobified=0
Direct3D:
    Version:  Direct3D 11.0 [level 11.1]
    Renderer: NVIDIA GeForce RTX 3070 Ti Laptop GPU (ID=0x24a0)
    Vendor:   NVIDIA
    VRAM:     8032 MB
    Driver:   31.0.15.4633
Initialize mono
Mono path[0] = 'C:/Program Files/Unity/Hub/Editor/2022.3.16f1/Editor/Data/Managed'
Mono path[1] = 'C:/Program Files/Unity/Hub/Editor/2022.3.16f1/Editor/Data/MonoBleedingEdge/lib/mono/unityjit-win32'
Mono config path = 'C:/Program Files/Unity/Hub/Editor/2022.3.16f1/Editor/Data/MonoBleedingEdge/etc'
Using monoOptions --debugger-agent=transport=dt_socket,embedding=1,server=y,suspend=n,address=127.0.0.1:56228
Begin MonoManager ReloadAssembly
Registering precompiled unity dll's ...
Register platform support module: C:/Program Files/Unity/Hub/Editor/2022.3.16f1/Editor/Data/PlaybackEngines/AndroidPlayer/UnityEditor.Android.Extensions.dll
Register platform support module: C:/Program Files/Unity/Hub/Editor/2022.3.16f1/Editor/Data/PlaybackEngines/WindowsStandaloneSupport/UnityEditor.WindowsStandalone.Extensions.dll
Registered in 0.055536 seconds.
- Loaded All Assemblies, in  1.472 seconds
Native extension for WindowsStandalone target not found
Native extension for Android target not found
Android Extension - Scanning For ADB Devices 924 ms
Mono: successfully reloaded assembly
- Finished resetting the current domain, in  1.852 seconds
Domain Reload Profiling: 3313ms
	BeginReloadAssembly (505ms)
		ExecutionOrderSort (0ms)
		DisableScriptedObjects (0ms)
		BackupInstance (0ms)
		ReleaseScriptingObjects (0ms)
		CreateAndSetChildDomain (2ms)
	RebuildCommonClasses (129ms)
	RebuildNativeTypeToScriptingClass (38ms)
	initialDomainReloadingComplete (283ms)
	LoadAllAssembliesAndSetupDomain (505ms)
		LoadAssemblies (497ms)
		RebuildTransferFunctionScriptingTraits (0ms)
		AnalyzeDomain (496ms)
			TypeCache.Refresh (493ms)
				TypeCache.ScanAssembly (460ms)
			ScanForSourceGeneratedMonoScriptInfo (1ms)
			ResolveRequiredComponents (1ms)
	FinalizeReload (1853ms)
		ReleaseScriptCaches (0ms)
		RebuildScriptCaches (0ms)
		SetupLoadedEditorAssemblies (1677ms)
			LogAssemblyErrors (0ms)
			InitializePlatformSupportModulesInManaged (1257ms)
			SetLoadedEditorAssemblies (9ms)
			RefreshPlugins (0ms)
			BeforeProcessingInitializeOnLoad (7ms)
			ProcessInitializeOnLoadAttributes (311ms)
			ProcessInitializeOnLoadMethodAttributes (93ms)
			AfterProcessingInitializeOnLoad (0ms)
			EditorAssembliesLoaded (0ms)
		ExecutionOrderSort2 (0ms)
		AwakeInstancesAfterBackupRestoration (0ms)
========================================================================
Worker process is ready to serve import requests
Begin MonoManager ReloadAssembly
- Loaded All Assemblies, in  1.423 seconds
Refreshing native plugins compatible for Editor in 7.55 ms, found 3 plugins.
Native extension for WindowsStandalone target not found
Native extension for Android target not found
Package Manager log level set to [2]
[Package Manager] Server::EnsureServerProcessIsRunning -- launch failed, reason: Unity was launched with the -noUpm command-line argument
[Package Manager] UpmClient::Send -- Unable to send message (not connected to UPM process).
[Package Manager] Cannot connect to Unity Package Manager local server
Mono: successfully reloaded assembly
- Finished resetting the current domain, in  1.661 seconds
Domain Reload Profiling: 3076ms
	BeginReloadAssembly (308ms)
		ExecutionOrderSort (0ms)
		DisableScriptedObjects (10ms)
		BackupInstance (0ms)
		ReleaseScriptingObjects (0ms)
		CreateAndSetChildDomain (41ms)
	RebuildCommonClasses (61ms)
	RebuildNativeTypeToScriptingClass (18ms)
	initialDomainReloadingComplete (88ms)
	LoadAllAssembliesAndSetupDomain (938ms)
		LoadAssemblies (786ms)
		RebuildTransferFunctionScriptingTraits (0ms)
		AnalyzeDomain (348ms)
			TypeCache.Refresh (294ms)
				TypeCache.ScanAssembly (264ms)
			ScanForSourceGeneratedMonoScriptInfo (42ms)
			ResolveRequiredComponents (9ms)
	FinalizeReload (1662ms)
		ReleaseScriptCaches (0ms)
		RebuildScriptCaches (0ms)
		SetupLoadedEditorAssemblies (1323ms)
			LogAssemblyErrors (0ms)
			InitializePlatformSupportModulesInManaged (67ms)
			SetLoadedEditorAssemblies (8ms)
			RefreshPlugins (0ms)
			BeforeProcessingInitializeOnLoad (173ms)
			ProcessInitializeOnLoadAttributes (1005ms)
			ProcessInitializeOnLoadMethodAttributes (47ms)
			AfterProcessingInitializeOnLoad (23ms)
			EditorAssembliesLoaded (0ms)
		ExecutionOrderSort2 (0ms)
		AwakeInstancesAfterBackupRestoration (13ms)
Launched and connected shader compiler UnityShaderCompiler.exe after 0.14 seconds
Refreshing native plugins compatible for Editor in 7.55 ms, found 3 plugins.
Preloading 0 native plugins for Editor in 0.00 ms.
Unloading 3100 Unused Serialized files (Serialized files now loaded: 0)
Unloading 32 unused Assets / (57.2 KB). Loaded Objects now: 3566.
Memory consumption went from 134.9 MB to 134.8 MB.
Total: 6.437600 ms (FindLiveObjects: 0.429600 ms CreateObjectMapping: 0.174000 ms MarkObjects: 5.601900 ms  DeleteObjects: 0.230300 ms)

AssetImportParameters requested are different than current active one (requested -> active):
  custom:container-demuxer-ogg: 62fdf1f143b41e24485cea50d1cbac27 -> 
  custom:video-codec-MediaFoundation-h265: 746d11721c4dcdbdad8f713fa42b33f4 -> 
  custom:video-decoder-ogg-theora: a1e56fd34408186e4bbccfd4996cb3dc -> 
  custom:framework-win-MediaFoundation: 216162199b28c13a410421893ffa2e32 -> 
  custom:CustomObjectIndexerAttribute: 43b350a4d6e6d1791af0b5038c4bea17 -> 
  custom:container-demuxer-webm: 4f35f7cbe854078d1ac9338744f61a02 -> 
  custom:container-muxer-webm: aa71ff27fc2769a1b78a27578f13a17b -> 
  custom:video-decoder-webm-vp8: 9c59270c3fd7afecdb556c50c9e8de78 -> 
  custom:SearchIndexIgnoredProperties: e643bd26f0fe6173181afceb89e7c659 -> 
  custom:AudioImporter_EditorPlatform: d09bf68614088b80899f8185d706f6e7 -> 
  custom:video-encoder-webm-vp8: eb34c28f22e8b96e1ab97ce403110664 -> 
  custom:audio-decoder-ogg-vorbis: bf7c407c2cedff20999df2af8eb42d56 -> 
  custom:audio-encoder-webm-vorbis: bf7c407c2cedff20999df2af8eb42d56 -> 
========================================================================
Received Import Request.
  Time since last request: 19698.569574 seconds.
  path: Assets/Externals/PolygonPrototype/Prefabs
  artifactKey: Guid(f90180b1ee031f748974af4aabf3c126) Importer(815301076,1909f56bfc062723c751e8b465ee728b)
Start importing Assets/Externals/PolygonPrototype/Prefabs using Guid(f90180b1ee031f748974af4aabf3c126) Importer(815301076,1909f56bfc062723c751e8b465ee728b)  -> (artifact id: '2c2204eaff1668330be76763bf3e2534') in 0.010652 seconds
Number of updated asset objects reloaded before import = 0
Number of asset objects unloaded after import = 0
========================================================================
Received Import Request.
  Time since last request: 1.654152 seconds.
  path: Assets/Externals/PolygonPrototype/Prefabs/Buildings
  artifactKey: Guid(94a211b0d60218a418493dfe676b2c70) Importer(815301076,1909f56bfc062723c751e8b465ee728b)
Start importing Assets/Externals/PolygonPrototype/Prefabs/Buildings using Guid(94a211b0d60218a418493dfe676b2c70) Importer(815301076,1909f56bfc062723c751e8b465ee728b)  -> (artifact id: '0f1edc7f7756013371981a256b164531') in 0.001991 seconds
Number of updated asset objects reloaded before import = 0
Number of asset objects unloaded after import = 0
========================================================================
Received Import Request.
  Time since last request: 0.177915 seconds.
  path: Assets/Externals/PolygonPrototype/Prefabs/Buildings/SM_Buildings_WindowGlass_01.prefab
  artifactKey: Guid(22d9af586ef4a6149be2e7f541bfd2e7) Importer(815301076,1909f56bfc062723c751e8b465ee728b)
Start importing Assets/Externals/PolygonPrototype/Prefabs/Buildings/SM_Buildings_WindowGlass_01.prefab using Guid(22d9af586ef4a6149be2e7f541bfd2e7) Importer(815301076,1909f56bfc062723c751e8b465ee728b)  -> (artifact id: '4fbe19b6a41146b30308c8e2052a57c6') in 0.749655 seconds
Number of updated asset objects reloaded before import = 0
Number of asset objects unloaded after import = 10
========================================================================
Received Import Request.
  Time since last request: 1.990663 seconds.
  path: Assets/Externals/PolygonPrototype/Prefabs/Character_FPS_Hands
  artifactKey: Guid(034d04b052bc734498ca37abc3800f5d) Importer(815301076,1909f56bfc062723c751e8b465ee728b)
Start importing Assets/Externals/PolygonPrototype/Prefabs/Character_FPS_Hands using Guid(034d04b052bc734498ca37abc3800f5d) Importer(815301076,1909f56bfc062723c751e8b465ee728b)  -> (artifact id: '816d60b1680635fea8edf83feb85b4d3') in 0.001440 seconds
Number of updated asset objects reloaded before import = 0
Number of asset objects unloaded after import = 0
========================================================================
Received Import Request.
  Time since last request: 3.979075 seconds.
  path: Assets/Externals/PolygonPrototype/Prefabs/NewAssets
  artifactKey: Guid(a9af49cd69da1014aacdb48a90d11c9b) Importer(815301076,1909f56bfc062723c751e8b465ee728b)
Start importing Assets/Externals/PolygonPrototype/Prefabs/NewAssets using Guid(a9af49cd69da1014aacdb48a90d11c9b) Importer(815301076,1909f56bfc062723c751e8b465ee728b)  -> (artifact id: '9f2eb914206ade92459fb3cdc109207f') in 0.001338 seconds
Number of updated asset objects reloaded before import = 0
Number of asset objects unloaded after import = 0
========================================================================
Received Import Request.
  Time since last request: 0.148996 seconds.
  path: Assets/Externals/PolygonPrototype/Prefabs/NewAssets/SM_Prop_Badminton_Racket_01.prefab
  artifactKey: Guid(fbb68cd65dcff324f88ec964af2fd72e) Importer(815301076,1909f56bfc062723c751e8b465ee728b)
Start importing Assets/Externals/PolygonPrototype/Prefabs/NewAssets/SM_Prop_Badminton_Racket_01.prefab using Guid(fbb68cd65dcff324f88ec964af2fd72e) Importer(815301076,1909f56bfc062723c751e8b465ee728b)  -> (artifact id: '77d44b4e3453a6572dce35b2011627cc') in 0.685029 seconds
Number of updated asset objects reloaded before import = 0
Number of asset objects unloaded after import = 11
========================================================================
Received Import Request.
  Time since last request: 3.265734 seconds.
  path: Assets/Externals/PolygonPrototype/Prefabs/Other
  artifactKey: Guid(1bef3003f2683004e95d94cf9e60f772) Importer(815301076,1909f56bfc062723c751e8b465ee728b)
Start importing Assets/Externals/PolygonPrototype/Prefabs/Other using Guid(1bef3003f2683004e95d94cf9e60f772) Importer(815301076,1909f56bfc062723c751e8b465ee728b)  -> (artifact id: '3d043b039ebc692039a24bbdb49bb6d8') in 0.001547 seconds
Number of updated asset objects reloaded before import = 0
Number of asset objects unloaded after import = 0
========================================================================
Received Import Request.
  Time since last request: 0.131747 seconds.
  path: Assets/Externals/PolygonPrototype/Prefabs/Other/FOV.prefab
  artifactKey: Guid(c9a589dc94f925a4c8b6763a02a7acb6) Importer(815301076,1909f56bfc062723c751e8b465ee728b)
Start importing Assets/Externals/PolygonPrototype/Prefabs/Other/FOV.prefab using Guid(c9a589dc94f925a4c8b6763a02a7acb6) Importer(815301076,1909f56bfc062723c751e8b465ee728b)  -> (artifact id: '308c017b0b2131966534c90a0d70ca21') in 0.037100 seconds
Number of updated asset objects reloaded before import = 0
Number of asset objects unloaded after import = 14
========================================================================
Received Import Request.
  Time since last request: 2.245943 seconds.
  path: Assets/Externals/PolygonPrototype/Prefabs/Props
  artifactKey: Guid(769a3cd464309354fb7597310c87ca35) Importer(815301076,1909f56bfc062723c751e8b465ee728b)
Start importing Assets/Externals/PolygonPrototype/Prefabs/Props using Guid(769a3cd464309354fb7597310c87ca35) Importer(815301076,1909f56bfc062723c751e8b465ee728b)  -> (artifact id: 'e281cbc057a3452491a60468dbba1afb') in 0.001670 seconds
Number of updated asset objects reloaded before import = 0
Number of asset objects unloaded after import = 0
========================================================================
Received Import Request.
  Time since last request: 0.180197 seconds.
  path: Assets/Externals/PolygonPrototype/Prefabs/Props/SM_Prop_Barrel_01.prefab
  artifactKey: Guid(f750d5f061e724f4c827ab6b376e2550) Importer(815301076,1909f56bfc062723c751e8b465ee728b)
Start importing Assets/Externals/PolygonPrototype/Prefabs/Props/SM_Prop_Barrel_01.prefab using Guid(f750d5f061e724f4c827ab6b376e2550) Importer(815301076,1909f56bfc062723c751e8b465ee728b)  -> (artifact id: '7a8576a65153f24aa3c47d21e69371f2') in 0.099240 seconds
Number of updated asset objects reloaded before import = 0
Number of asset objects unloaded after import = 10
========================================================================
Received Import Request.
  Time since last request: 0.000072 seconds.
  path: Assets/Externals/PolygonPrototype/Prefabs/Props/SM_Prop_Tree_Round_02.prefab
  artifactKey: Guid(6d768ed8c1941594aa52e683be1a33f7) Importer(815301076,1909f56bfc062723c751e8b465ee728b)
Start importing Assets/Externals/PolygonPrototype/Prefabs/Props/SM_Prop_Tree_Round_02.prefab using Guid(6d768ed8c1941594aa52e683be1a33f7) Importer(815301076,1909f56bfc062723c751e8b465ee728b)  -> (artifact id: '60a3a11595af5cc307244fffc480aa79') in 0.067171 seconds
Number of updated asset objects reloaded before import = 0
Number of asset objects unloaded after import = 9
========================================================================
Received Import Request.
  Time since last request: 0.000104 seconds.
  path: Assets/Externals/PolygonPrototype/Prefabs/Props/SM_Switch_Button_02.prefab
  artifactKey: Guid(a5bbe08e8d4661845bb71068b601744c) Importer(815301076,1909f56bfc062723c751e8b465ee728b)
Start importing Assets/Externals/PolygonPrototype/Prefabs/Props/SM_Switch_Button_02.prefab using Guid(a5bbe08e8d4661845bb71068b601744c) Importer(815301076,1909f56bfc062723c751e8b465ee728b)  -> (artifact id: 'aa9d2ec87b7f86970b1d1c7df378cbb8') in 0.069485 seconds
Number of updated asset objects reloaded before import = 0
Number of asset objects unloaded after import = 15
========================================================================
Received Import Request.
  Time since last request: 0.000037 seconds.
  path: Assets/Externals/PolygonPrototype/Prefabs/Props/SM_Prop_Window_Bar_01.prefab
  artifactKey: Guid(4d0398b83ac8e4f449ea26570a62f787) Importer(815301076,1909f56bfc062723c751e8b465ee728b)
Start importing Assets/Externals/PolygonPrototype/Prefabs/Props/SM_Prop_Window_Bar_01.prefab using Guid(4d0398b83ac8e4f449ea26570a62f787) Importer(815301076,1909f56bfc062723c751e8b465ee728b)  -> (artifact id: '442c461a792f5ccf738ae8d0d663d4e9') in 0.051944 seconds
Number of updated asset objects reloaded before import = 0
Number of asset objects unloaded after import = 9
========================================================================
Received Import Request.
  Time since last request: 0.000068 seconds.
  path: Assets/Externals/PolygonPrototype/Prefabs/Props/SM_Prop_Pipe_04.prefab
  artifactKey: Guid(4acc8aea0f8e2a8478f32ed296d7152a) Importer(815301076,1909f56bfc062723c751e8b465ee728b)
Start importing Assets/Externals/PolygonPrototype/Prefabs/Props/SM_Prop_Pipe_04.prefab using Guid(4acc8aea0f8e2a8478f32ed296d7152a) Importer(815301076,1909f56bfc062723c751e8b465ee728b)  -> (artifact id: '07d718f93346c9bc5a11739be273dc50') in 0.064755 seconds
Number of updated asset objects reloaded before import = 0
Number of asset objects unloaded after import = 10
========================================================================
Received Import Request.
  Time since last request: 0.000063 seconds.
  path: Assets/Externals/PolygonPrototype/Prefabs/Props/SM_Prop_Tree_Square_02.prefab
  artifactKey: Guid(e7ee0b2620bdfe341b4cf49e4e637dc4) Importer(815301076,1909f56bfc062723c751e8b465ee728b)
Start importing Assets/Externals/PolygonPrototype/Prefabs/Props/SM_Prop_Tree_Square_02.prefab using Guid(e7ee0b2620bdfe341b4cf49e4e637dc4) Importer(815301076,1909f56bfc062723c751e8b465ee728b)  -> (artifact id: 'a9bf5f6ce3b518a48b82ec57c981850e') in 0.053837 seconds
Number of updated asset objects reloaded before import = 0
Number of asset objects unloaded after import = 10
========================================================================
Received Import Request.
  Time since last request: 0.000109 seconds.
  path: Assets/Externals/PolygonPrototype/Prefabs/Props/SM_Prop_Chest_Wood_01.prefab
  artifactKey: Guid(021f214ee24e4ab408fe5fa469da8624) Importer(815301076,1909f56bfc062723c751e8b465ee728b)
Start importing Assets/Externals/PolygonPrototype/Prefabs/Props/SM_Prop_Chest_Wood_01.prefab using Guid(021f214ee24e4ab408fe5fa469da8624) Importer(815301076,1909f56bfc062723c751e8b465ee728b)  -> (artifact id: 'dc0db423c06f0a6ff04e5b5644ae71d3') in 0.064478 seconds
Number of updated asset objects reloaded before import = 0
Number of asset objects unloaded after import = 16
========================================================================
Received Import Request.
  Time since last request: 0.000147 seconds.
  path: Assets/Externals/PolygonPrototype/Prefabs/Props/SM_Prop_Tree_Palm_01.prefab
  artifactKey: Guid(b8fbd80bb369bdc418c404e87bf5821b) Importer(815301076,1909f56bfc062723c751e8b465ee728b)
Start importing Assets/Externals/PolygonPrototype/Prefabs/Props/SM_Prop_Tree_Palm_01.prefab using Guid(b8fbd80bb369bdc418c404e87bf5821b) Importer(815301076,1909f56bfc062723c751e8b465ee728b)  -> (artifact id: '99cd6f4ae917804da34f69afcfbefa0e') in 0.052972 seconds
Number of updated asset objects reloaded before import = 0
Number of asset objects unloaded after import = 10
========================================================================
Received Import Request.
  Time since last request: 0.000107 seconds.
  path: Assets/Externals/PolygonPrototype/Prefabs/Props/SM_Prop_Target_Stand_01.prefab
  artifactKey: Guid(343a362cd2f920440a92d2c3068a04fc) Importer(815301076,1909f56bfc062723c751e8b465ee728b)
Start importing Assets/Externals/PolygonPrototype/Prefabs/Props/SM_Prop_Target_Stand_01.prefab using Guid(343a362cd2f920440a92d2c3068a04fc) Importer(815301076,1909f56bfc062723c751e8b465ee728b)  -> (artifact id: '67c3ab4be70dd3f72e0c48fb9a6fef74') in 0.057353 seconds
Number of updated asset objects reloaded before import = 0
Number of asset objects unloaded after import = 10
Editor requested this worker to shutdown with reason: Scaling down because of idle timeout
TcpMessagingSession - receive error
AssetImportWorkerClient::OnTransportError - code=2 error=End of file
AssetImportWorker is now disconnected from the server
Process exiting
Exiting without the bug reporter. Application will terminate with return code 0