Using pre-set license
Built from '2022.3/staging' branch; Version is '2022.3.16f1 (d2c21f0ef2f1) revision 13812255'; Using compiler version '192829333'; Build Type 'Release'
OS: 'Windows 10  (10.0.19045) 64bit Professional' Language: 'en' Physical Memory: 32433 MB
BatchMode: 1, IsHumanControllingUs: 0, StartBugReporterOnCrash: 0, Is64bit: 1, IsPro: 1

COMMAND LINE ARGUMENTS:
C:\Program Files\Unity\Hub\Editor\2022.3.16f1\Editor\Unity.exe
-adb2
-batchMode
-noUpm
-name
AssetImportWorker3
-projectPath
C:/Users/dyarbrough/GAT420-AI-Unity
-logFile
Logs/AssetImportWorker3.log
-srvPort
61271
Successfully changed project path to: C:/Users/dyarbrough/GAT420-AI-Unity
C:/Users/dyarbrough/GAT420-AI-Unity
[UnityMemory] Configuration Parameters - Can be set up in boot.config
    "memorysetup-bucket-allocator-granularity=16"
    "memorysetup-bucket-allocator-bucket-count=8"
    "memorysetup-bucket-allocator-block-size=33554432"
    "memorysetup-bucket-allocator-block-count=8"
    "memorysetup-main-allocator-block-size=16777216"
    "memorysetup-thread-allocator-block-size=16777216"
    "memorysetup-gfx-main-allocator-block-size=16777216"
    "memorysetup-gfx-thread-allocator-block-size=16777216"
    "memorysetup-cache-allocator-block-size=4194304"
    "memorysetup-typetree-allocator-block-size=2097152"
    "memorysetup-profiler-bucket-allocator-granularity=16"
    "memorysetup-profiler-bucket-allocator-bucket-count=8"
    "memorysetup-profiler-bucket-allocator-block-size=33554432"
    "memorysetup-profiler-bucket-allocator-block-count=8"
    "memorysetup-profiler-allocator-block-size=16777216"
    "memorysetup-profiler-editor-allocator-block-size=1048576"
    "memorysetup-temp-allocator-size-main=16777216"
    "memorysetup-job-temp-allocator-block-size=2097152"
    "memorysetup-job-temp-allocator-block-size-background=1048576"
    "memorysetup-job-temp-allocator-reduction-small-platforms=262144"
    "memorysetup-allocator-temp-initial-block-size-main=262144"
    "memorysetup-allocator-temp-initial-block-size-worker=262144"
    "memorysetup-temp-allocator-size-background-worker=32768"
    "memorysetup-temp-allocator-size-job-worker=262144"
    "memorysetup-temp-allocator-size-preload-manager=33554432"
    "memorysetup-temp-allocator-size-nav-mesh-worker=65536"
    "memorysetup-temp-allocator-size-audio-worker=65536"
    "memorysetup-temp-allocator-size-cloud-worker=32768"
    "memorysetup-temp-allocator-size-gi-baking-worker=262144"
    "memorysetup-temp-allocator-size-gfx=262144"
Player connection [32180] Host "[IP] 192.168.195.1 [Port] 0 [Flags] 2 [Guid] 3815456956 [EditorId] 3815456956 [Version] 1048832 [Id] WindowsEditor(7,LAPTOP-CCI648QA) [Debug] 1 [PackageName] WindowsEditor [ProjectName] Editor" joined multi-casting on [225.0.0.222:54997]...

Player connection [32180] Host "[IP] 192.168.195.1 [Port] 0 [Flags] 2 [Guid] 3815456956 [EditorId] 3815456956 [Version] 1048832 [Id] WindowsEditor(7,LAPTOP-CCI648QA) [Debug] 1 [PackageName] WindowsEditor [ProjectName] Editor" joined alternative multi-casting on [225.0.0.222:34997]...

[Physics::Module] Initialized MultithreadedJobDispatcher with 19 workers.
Refreshing native plugins compatible for Editor in 29.20 ms, found 3 plugins.
Preloading 0 native plugins for Editor in 0.00 ms.
Initialize engine version: 2022.3.16f1 (d2c21f0ef2f1)
[Subsystems] Discovering subsystems at path C:/Program Files/Unity/Hub/Editor/2022.3.16f1/Editor/Data/Resources/UnitySubsystems
[Subsystems] Discovering subsystems at path C:/Users/dyarbrough/GAT420-AI-Unity/Assets
GfxDevice: creating device client; threaded=0; jobified=0
Direct3D:
    Version:  Direct3D 11.0 [level 11.1]
    Renderer: NVIDIA GeForce RTX 3070 Ti Laptop GPU (ID=0x24a0)
    Vendor:   NVIDIA
    VRAM:     8032 MB
    Driver:   31.0.15.4633
Initialize mono
Mono path[0] = 'C:/Program Files/Unity/Hub/Editor/2022.3.16f1/Editor/Data/Managed'
Mono path[1] = 'C:/Program Files/Unity/Hub/Editor/2022.3.16f1/Editor/Data/MonoBleedingEdge/lib/mono/unityjit-win32'
Mono config path = 'C:/Program Files/Unity/Hub/Editor/2022.3.16f1/Editor/Data/MonoBleedingEdge/etc'
Using monoOptions --debugger-agent=transport=dt_socket,embedding=1,server=y,suspend=n,address=127.0.0.1:56420
Begin MonoManager ReloadAssembly
Registering precompiled unity dll's ...
Register platform support module: C:/Program Files/Unity/Hub/Editor/2022.3.16f1/Editor/Data/PlaybackEngines/AndroidPlayer/UnityEditor.Android.Extensions.dll
Register platform support module: C:/Program Files/Unity/Hub/Editor/2022.3.16f1/Editor/Data/PlaybackEngines/WindowsStandaloneSupport/UnityEditor.WindowsStandalone.Extensions.dll
Registered in 0.029777 seconds.
- Loaded All Assemblies, in  0.778 seconds
Native extension for WindowsStandalone target not found
Native extension for Android target not found
Android Extension - Scanning For ADB Devices 788 ms
Mono: successfully reloaded assembly
- Finished resetting the current domain, in  1.680 seconds
Domain Reload Profiling: 2453ms
	BeginReloadAssembly (218ms)
		ExecutionOrderSort (0ms)
		DisableScriptedObjects (0ms)
		BackupInstance (0ms)
		ReleaseScriptingObjects (0ms)
		CreateAndSetChildDomain (1ms)
	RebuildCommonClasses (73ms)
	RebuildNativeTypeToScriptingClass (19ms)
	initialDomainReloadingComplete (150ms)
	LoadAllAssembliesAndSetupDomain (312ms)
		LoadAssemblies (213ms)
		RebuildTransferFunctionScriptingTraits (0ms)
		AnalyzeDomain (307ms)
			TypeCache.Refresh (304ms)
				TypeCache.ScanAssembly (282ms)
			ScanForSourceGeneratedMonoScriptInfo (1ms)
			ResolveRequiredComponents (1ms)
	FinalizeReload (1681ms)
		ReleaseScriptCaches (0ms)
		RebuildScriptCaches (0ms)
		SetupLoadedEditorAssemblies (1508ms)
			LogAssemblyErrors (0ms)
			InitializePlatformSupportModulesInManaged (1115ms)
			SetLoadedEditorAssemblies (9ms)
			RefreshPlugins (0ms)
			BeforeProcessingInitializeOnLoad (6ms)
			ProcessInitializeOnLoadAttributes (277ms)
			ProcessInitializeOnLoadMethodAttributes (102ms)
			AfterProcessingInitializeOnLoad (0ms)
			EditorAssembliesLoaded (0ms)
		ExecutionOrderSort2 (0ms)
		AwakeInstancesAfterBackupRestoration (0ms)
========================================================================
Worker process is ready to serve import requests
Begin MonoManager ReloadAssembly
- Loaded All Assemblies, in  1.798 seconds
Refreshing native plugins compatible for Editor in 8.60 ms, found 3 plugins.
Native extension for WindowsStandalone target not found
Native extension for Android target not found
Package Manager log level set to [2]
[Package Manager] Server::EnsureServerProcessIsRunning -- launch failed, reason: Unity was launched with the -noUpm command-line argument
[Package Manager] UpmClient::Send -- Unable to send message (not connected to UPM process).
[Package Manager] Cannot connect to Unity Package Manager local server
Mono: successfully reloaded assembly
- Finished resetting the current domain, in  2.186 seconds
Domain Reload Profiling: 3977ms
	BeginReloadAssembly (448ms)
		ExecutionOrderSort (0ms)
		DisableScriptedObjects (11ms)
		BackupInstance (0ms)
		ReleaseScriptingObjects (0ms)
		CreateAndSetChildDomain (44ms)
	RebuildCommonClasses (67ms)
	RebuildNativeTypeToScriptingClass (21ms)
	initialDomainReloadingComplete (90ms)
	LoadAllAssembliesAndSetupDomain (1164ms)
		LoadAssemblies (1010ms)
		RebuildTransferFunctionScriptingTraits (0ms)
		AnalyzeDomain (466ms)
			TypeCache.Refresh (395ms)
				TypeCache.ScanAssembly (350ms)
			ScanForSourceGeneratedMonoScriptInfo (60ms)
			ResolveRequiredComponents (8ms)
	FinalizeReload (2186ms)
		ReleaseScriptCaches (0ms)
		RebuildScriptCaches (0ms)
		SetupLoadedEditorAssemblies (1787ms)
			LogAssemblyErrors (0ms)
			InitializePlatformSupportModulesInManaged (70ms)
			SetLoadedEditorAssemblies (15ms)
			RefreshPlugins (0ms)
			BeforeProcessingInitializeOnLoad (224ms)
			ProcessInitializeOnLoadAttributes (1398ms)
			ProcessInitializeOnLoadMethodAttributes (55ms)
			AfterProcessingInitializeOnLoad (25ms)
			EditorAssembliesLoaded (1ms)
		ExecutionOrderSort2 (0ms)
		AwakeInstancesAfterBackupRestoration (18ms)
Launched and connected shader compiler UnityShaderCompiler.exe after 0.13 seconds
Refreshing native plugins compatible for Editor in 15.02 ms, found 3 plugins.
Preloading 0 native plugins for Editor in 0.00 ms.
Unloading 3096 Unused Serialized files (Serialized files now loaded: 0)
Unloading 32 unused Assets / (57.4 KB). Loaded Objects now: 3561.
Memory consumption went from 130.0 MB to 129.9 MB.
Total: 6.564100 ms (FindLiveObjects: 0.385000 ms CreateObjectMapping: 0.171500 ms MarkObjects: 5.675700 ms  DeleteObjects: 0.330300 ms)

AssetImportParameters requested are different than current active one (requested -> active):
  custom:container-demuxer-ogg: 62fdf1f143b41e24485cea50d1cbac27 -> 
  custom:video-codec-MediaFoundation-h265: 746d11721c4dcdbdad8f713fa42b33f4 -> 
  custom:video-decoder-ogg-theora: a1e56fd34408186e4bbccfd4996cb3dc -> 
  custom:framework-win-MediaFoundation: 216162199b28c13a410421893ffa2e32 -> 
  custom:CustomObjectIndexerAttribute: 43b350a4d6e6d1791af0b5038c4bea17 -> 
  custom:container-demuxer-webm: 4f35f7cbe854078d1ac9338744f61a02 -> 
  custom:container-muxer-webm: aa71ff27fc2769a1b78a27578f13a17b -> 
  custom:video-decoder-webm-vp8: 9c59270c3fd7afecdb556c50c9e8de78 -> 
  custom:SearchIndexIgnoredProperties: e643bd26f0fe6173181afceb89e7c659 -> 
  custom:AudioImporter_EditorPlatform: d09bf68614088b80899f8185d706f6e7 -> 
  custom:video-encoder-webm-vp8: eb34c28f22e8b96e1ab97ce403110664 -> 
  custom:audio-decoder-ogg-vorbis: bf7c407c2cedff20999df2af8eb42d56 -> 
  custom:audio-encoder-webm-vorbis: bf7c407c2cedff20999df2af8eb42d56 -> 
========================================================================
Received Import Request.
  Time since last request: 19466.720563 seconds.
  path: Assets/Quirky Series Ultimate/FREE/Textures/T_Squid.png
  artifactKey: Guid(83be6572454ffc2418a41deb170e2212) Importer(815301076,1909f56bfc062723c751e8b465ee728b)
Start importing Assets/Quirky Series Ultimate/FREE/Textures/T_Squid.png using Guid(83be6572454ffc2418a41deb170e2212) Importer(815301076,1909f56bfc062723c751e8b465ee728b)  -> (artifact id: '625712c3a8d0509e7a0e61c73b97b292') in 0.152980 seconds
Number of updated asset objects reloaded before import = 0
Number of asset objects unloaded after import = 2
========================================================================
Received Prepare
Begin MonoManager ReloadAssembly
- Loaded All Assemblies, in  2.244 seconds
Refreshing native plugins compatible for Editor in 16.05 ms, found 3 plugins.
Native extension for WindowsStandalone target not found
Native extension for Android target not found
[Package Manager] Server::EnsureServerProcessIsRunning -- launch failed, reason: Unity was launched with the -noUpm command-line argument
[Package Manager] UpmClient::Send -- Unable to send message (not connected to UPM process).
[Package Manager] Cannot connect to Unity Package Manager local server
Mono: successfully reloaded assembly
- Finished resetting the current domain, in  3.091 seconds
Domain Reload Profiling: 5293ms
	BeginReloadAssembly (456ms)
		ExecutionOrderSort (0ms)
		DisableScriptedObjects (44ms)
		BackupInstance (0ms)
		ReleaseScriptingObjects (0ms)
		CreateAndSetChildDomain (97ms)
	RebuildCommonClasses (91ms)
	RebuildNativeTypeToScriptingClass (55ms)
	initialDomainReloadingComplete (197ms)
	LoadAllAssembliesAndSetupDomain (1402ms)
		LoadAssemblies (1577ms)
		RebuildTransferFunctionScriptingTraits (0ms)
		AnalyzeDomain (49ms)
			TypeCache.Refresh (19ms)
				TypeCache.ScanAssembly (0ms)
			ScanForSourceGeneratedMonoScriptInfo (1ms)
			ResolveRequiredComponents (26ms)
	FinalizeReload (3092ms)
		ReleaseScriptCaches (0ms)
		RebuildScriptCaches (0ms)
		SetupLoadedEditorAssemblies (1414ms)
			LogAssemblyErrors (0ms)
			InitializePlatformSupportModulesInManaged (97ms)
			SetLoadedEditorAssemblies (19ms)
			RefreshPlugins (0ms)
			BeforeProcessingInitializeOnLoad (235ms)
			ProcessInitializeOnLoadAttributes (1001ms)
			ProcessInitializeOnLoadMethodAttributes (42ms)
			AfterProcessingInitializeOnLoad (20ms)
			EditorAssembliesLoaded (0ms)
		ExecutionOrderSort2 (0ms)
		AwakeInstancesAfterBackupRestoration (14ms)
Refreshing native plugins compatible for Editor in 10.26 ms, found 3 plugins.
Preloading 0 native plugins for Editor in 0.00 ms.
Unloading 3085 Unused Serialized files (Serialized files now loaded: 0)
Unloading 23 unused Assets / (31.1 KB). Loaded Objects now: 3567.
Memory consumption went from 129.4 MB to 129.4 MB.
Total: 5.920700 ms (FindLiveObjects: 0.564700 ms CreateObjectMapping: 0.209400 ms MarkObjects: 5.057300 ms  DeleteObjects: 0.088000 ms)

Prepare: number of updated asset objects reloaded= 0
AssetImportParameters requested are different than current active one (requested -> active):
  custom:container-demuxer-ogg: 62fdf1f143b41e24485cea50d1cbac27 -> 
  custom:video-codec-MediaFoundation-h265: 746d11721c4dcdbdad8f713fa42b33f4 -> 
  custom:video-decoder-ogg-theora: a1e56fd34408186e4bbccfd4996cb3dc -> 
  custom:framework-win-MediaFoundation: 216162199b28c13a410421893ffa2e32 -> 
  custom:CustomObjectIndexerAttribute: 43b350a4d6e6d1791af0b5038c4bea17 -> 
  custom:container-demuxer-webm: 4f35f7cbe854078d1ac9338744f61a02 -> 
  custom:container-muxer-webm: aa71ff27fc2769a1b78a27578f13a17b -> 
  custom:video-decoder-webm-vp8: 9c59270c3fd7afecdb556c50c9e8de78 -> 
  custom:SearchIndexIgnoredProperties: e643bd26f0fe6173181afceb89e7c659 -> 
  custom:AudioImporter_EditorPlatform: d09bf68614088b80899f8185d706f6e7 -> 
  custom:video-encoder-webm-vp8: eb34c28f22e8b96e1ab97ce403110664 -> 
  custom:audio-decoder-ogg-vorbis: bf7c407c2cedff20999df2af8eb42d56 -> 
  custom:audio-encoder-webm-vorbis: bf7c407c2cedff20999df2af8eb42d56 -> 
========================================================================
Received Import Request.
  Time since last request: 208.179030 seconds.
  path: Assets/Externals/PolygonPrototype/Materials/PolygonPrototype_Global_Grid_01.mat
  artifactKey: Guid(4930c6ffa5b9b9f4098249a43abf8506) Importer(815301076,1909f56bfc062723c751e8b465ee728b)
Start importing Assets/Externals/PolygonPrototype/Materials/PolygonPrototype_Global_Grid_01.mat using Guid(4930c6ffa5b9b9f4098249a43abf8506) Importer(815301076,1909f56bfc062723c751e8b465ee728b)  -> (artifact id: '46c5c1d7c926ec16dc65b2c1994bac3b') in 0.627651 seconds
Number of updated asset objects reloaded before import = 0
Number of asset objects unloaded after import = 3
========================================================================
Received Import Request.
  Time since last request: 0.000031 seconds.
  path: Assets/Externals/PolygonPrototype/Materials/PolygonPrototype_Texture_02.mat
  artifactKey: Guid(f685a57b9da560a448bb95374a652f90) Importer(815301076,1909f56bfc062723c751e8b465ee728b)
Start importing Assets/Externals/PolygonPrototype/Materials/PolygonPrototype_Texture_02.mat using Guid(f685a57b9da560a448bb95374a652f90) Importer(815301076,1909f56bfc062723c751e8b465ee728b)  -> (artifact id: 'b08748774b5e1c173096c0565c4dc15b') in 0.046745 seconds
Number of updated asset objects reloaded before import = 0
Number of asset objects unloaded after import = 2
========================================================================
Received Import Request.
  Time since last request: 0.000040 seconds.
  path: Assets/Externals/PolygonPrototype/Materials/PolygonPrototype_Texture_08.mat
  artifactKey: Guid(4d1c11ecf91c18d4e86d3818e8c650cc) Importer(815301076,1909f56bfc062723c751e8b465ee728b)
Start importing Assets/Externals/PolygonPrototype/Materials/PolygonPrototype_Texture_08.mat using Guid(4d1c11ecf91c18d4e86d3818e8c650cc) Importer(815301076,1909f56bfc062723c751e8b465ee728b)  -> (artifact id: '3874b7f9b714924df6c17d4b8f2593c6') in 0.022720 seconds
Number of updated asset objects reloaded before import = 0
Number of asset objects unloaded after import = 2
========================================================================
Received Import Request.
  Time since last request: 0.000031 seconds.
  path: Assets/Externals/PolygonPrototype/Materials/PolygonPrototype_Global_Grid_04.mat
  artifactKey: Guid(c70e075a2144ba04784d74b7b2889fd3) Importer(815301076,1909f56bfc062723c751e8b465ee728b)
Start importing Assets/Externals/PolygonPrototype/Materials/PolygonPrototype_Global_Grid_04.mat using Guid(c70e075a2144ba04784d74b7b2889fd3) Importer(815301076,1909f56bfc062723c751e8b465ee728b)  -> (artifact id: 'c69f2eae3e9e23b12431715bd1c43e60') in 0.030134 seconds
Number of updated asset objects reloaded before import = 0
Number of asset objects unloaded after import = 3
========================================================================
Received Import Request.
  Time since last request: 0.000036 seconds.
  path: Assets/Externals/PolygonPrototype/Materials/PolygonPrototype_Texture_01.mat
  artifactKey: Guid(41680dad0f0243748b4e228f49a2e3c4) Importer(815301076,1909f56bfc062723c751e8b465ee728b)
Start importing Assets/Externals/PolygonPrototype/Materials/PolygonPrototype_Texture_01.mat using Guid(41680dad0f0243748b4e228f49a2e3c4) Importer(815301076,1909f56bfc062723c751e8b465ee728b)  -> (artifact id: 'f0c51a407965a0f038fe97c9c7767964') in 0.028912 seconds
Number of updated asset objects reloaded before import = 0
Number of asset objects unloaded after import = 2
========================================================================
Received Import Request.
  Time since last request: 0.000047 seconds.
  path: Assets/Externals/PolygonPrototype/Materials/PolygonPrototype_Wire.mat
  artifactKey: Guid(d3c006a1b9a8b264f8bee7b56f38100a) Importer(815301076,1909f56bfc062723c751e8b465ee728b)
Start importing Assets/Externals/PolygonPrototype/Materials/PolygonPrototype_Wire.mat using Guid(d3c006a1b9a8b264f8bee7b56f38100a) Importer(815301076,1909f56bfc062723c751e8b465ee728b)  -> (artifact id: '28e7f7e1e418351ebb21fc74bdd589da') in 0.628246 seconds
Number of updated asset objects reloaded before import = 0
Number of asset objects unloaded after import = 2
========================================================================
Received Import Request.
  Time since last request: 0.000066 seconds.
  path: Assets/Externals/PolygonPrototype/Materials/PolygonPrototype_Global_Grid_08.mat
  artifactKey: Guid(2425c03ff18262a4eaa45371f0fe6dcf) Importer(815301076,1909f56bfc062723c751e8b465ee728b)
Start importing Assets/Externals/PolygonPrototype/Materials/PolygonPrototype_Global_Grid_08.mat using Guid(2425c03ff18262a4eaa45371f0fe6dcf) Importer(815301076,1909f56bfc062723c751e8b465ee728b)  -> (artifact id: 'a6b5266c9042bdd5ec45fad7bc61bd1e') in 0.039524 seconds
Number of updated asset objects reloaded before import = 0
Number of asset objects unloaded after import = 3
========================================================================
Received Import Request.
  Time since last request: 0.000118 seconds.
  path: Assets/Externals/PolygonPrototype/Materials/PolygonPrototype_Texture_09.mat
  artifactKey: Guid(dcc9a0b939c99774089653966acc8d75) Importer(815301076,1909f56bfc062723c751e8b465ee728b)
Start importing Assets/Externals/PolygonPrototype/Materials/PolygonPrototype_Texture_09.mat using Guid(dcc9a0b939c99774089653966acc8d75) Importer(815301076,1909f56bfc062723c751e8b465ee728b)  -> (artifact id: '82bfc61eb1384b79f21c41407f991bb7') in 0.053292 seconds
Number of updated asset objects reloaded before import = 0
Number of asset objects unloaded after import = 2
========================================================================
Received Import Request.
  Time since last request: 0.000068 seconds.
  path: Assets/Externals/PolygonPrototype/Materials/PolygonPrototype_Global_Grid_10.mat
  artifactKey: Guid(b705b36c0a031c74bb375ee73b5ecce3) Importer(815301076,1909f56bfc062723c751e8b465ee728b)
Start importing Assets/Externals/PolygonPrototype/Materials/PolygonPrototype_Global_Grid_10.mat using Guid(b705b36c0a031c74bb375ee73b5ecce3) Importer(815301076,1909f56bfc062723c751e8b465ee728b)  -> (artifact id: '36379e6bb793e4786d6e2f0b76c4373d') in 0.062363 seconds
Number of updated asset objects reloaded before import = 0
Number of asset objects unloaded after import = 3
========================================================================
Received Import Request.
  Time since last request: 0.000064 seconds.
  path: Assets/Externals/PolygonPrototype/Materials/PolygonPrototype_Global_Grid_07.mat
  artifactKey: Guid(6615f1708a4932646adcdc55932feefa) Importer(815301076,1909f56bfc062723c751e8b465ee728b)
Start importing Assets/Externals/PolygonPrototype/Materials/PolygonPrototype_Global_Grid_07.mat using Guid(6615f1708a4932646adcdc55932feefa) Importer(815301076,1909f56bfc062723c751e8b465ee728b)  -> (artifact id: 'f2cd0db93de5540d6dc956eef1bc8a67') in 0.071880 seconds
Number of updated asset objects reloaded before import = 0
Number of asset objects unloaded after import = 3
========================================================================
Received Import Request.
  Time since last request: 0.000051 seconds.
  path: Assets/Externals/PolygonPrototype/Materials/PolygonPrototype_Global_Grid_05.mat
  artifactKey: Guid(1e75d51d555dec54b90544819dd5e13a) Importer(815301076,1909f56bfc062723c751e8b465ee728b)
Start importing Assets/Externals/PolygonPrototype/Materials/PolygonPrototype_Global_Grid_05.mat using Guid(1e75d51d555dec54b90544819dd5e13a) Importer(815301076,1909f56bfc062723c751e8b465ee728b)  -> (artifact id: '52992211ce7e2432a322ec89b972ee0a') in 0.079479 seconds
Number of updated asset objects reloaded before import = 0
Number of asset objects unloaded after import = 3
========================================================================
Received Import Request.
  Time since last request: 0.000070 seconds.
  path: Assets/Externals/PolygonPrototype/Materials/PolygonPrototype_Wire_White.mat
  artifactKey: Guid(ee178595c69007f46bf030c509a32f14) Importer(815301076,1909f56bfc062723c751e8b465ee728b)
Start importing Assets/Externals/PolygonPrototype/Materials/PolygonPrototype_Wire_White.mat using Guid(ee178595c69007f46bf030c509a32f14) Importer(815301076,1909f56bfc062723c751e8b465ee728b)  -> (artifact id: 'ed9ecc57097b43119b4acb192503c6f2') in 0.763328 seconds
Number of updated asset objects reloaded before import = 0
Number of asset objects unloaded after import = 2
========================================================================
Received Import Request.
  Time since last request: 29.766450 seconds.
  path: Assets/Externals/PolygonPrototype/Prefabs/NewAssets/SM_Prop_Bowling_Pin_01.prefab
  artifactKey: Guid(06d867a51f9398d4b8e475efa64e1e57) Importer(815301076,1909f56bfc062723c751e8b465ee728b)
Start importing Assets/Externals/PolygonPrototype/Prefabs/NewAssets/SM_Prop_Bowling_Pin_01.prefab using Guid(06d867a51f9398d4b8e475efa64e1e57) Importer(815301076,1909f56bfc062723c751e8b465ee728b)  -> (artifact id: 'b474a2821c714daf0795c1014167fd03') in 0.105296 seconds
Number of updated asset objects reloaded before import = 0
Number of asset objects unloaded after import = 9
========================================================================
Received Import Request.
  Time since last request: 0.000086 seconds.
  path: Assets/Externals/PolygonPrototype/Prefabs/NewAssets/SM_Prop_Microphone_Stand_01.prefab
  artifactKey: Guid(dfa0cfbd09158814ebd229d7e5abd3fc) Importer(815301076,1909f56bfc062723c751e8b465ee728b)
Start importing Assets/Externals/PolygonPrototype/Prefabs/NewAssets/SM_Prop_Microphone_Stand_01.prefab using Guid(dfa0cfbd09158814ebd229d7e5abd3fc) Importer(815301076,1909f56bfc062723c751e8b465ee728b)  -> (artifact id: 'dfb2c1a49e061bc96c14f6ff774aa15d') in 0.056258 seconds
Number of updated asset objects reloaded before import = 0
Number of asset objects unloaded after import = 9
========================================================================
Received Import Request.
  Time since last request: 0.000077 seconds.
  path: Assets/Externals/PolygonPrototype/Prefabs/NewAssets/SM_Prop_Tennis_Racket_01.prefab
  artifactKey: Guid(83f9ac35cf911614693f29958b633e62) Importer(815301076,1909f56bfc062723c751e8b465ee728b)
Start importing Assets/Externals/PolygonPrototype/Prefabs/NewAssets/SM_Prop_Tennis_Racket_01.prefab using Guid(83f9ac35cf911614693f29958b633e62) Importer(815301076,1909f56bfc062723c751e8b465ee728b)  -> (artifact id: 'bdc626b804bf1d48fb90267712edfba6') in 0.072463 seconds
Number of updated asset objects reloaded before import = 0
Number of asset objects unloaded after import = 11
========================================================================
Received Import Request.
  Time since last request: 0.000068 seconds.
  path: Assets/Externals/PolygonPrototype/Prefabs/NewAssets/SM_Prop_Microphone_Stand_Empty_01.prefab
  artifactKey: Guid(b6594e939156fa6479d25979f2d0b518) Importer(815301076,1909f56bfc062723c751e8b465ee728b)
Start importing Assets/Externals/PolygonPrototype/Prefabs/NewAssets/SM_Prop_Microphone_Stand_Empty_01.prefab using Guid(b6594e939156fa6479d25979f2d0b518) Importer(815301076,1909f56bfc062723c751e8b465ee728b)  -> (artifact id: '64c7a313470494a8d2de98bcd582f7ae') in 0.052624 seconds
Number of updated asset objects reloaded before import = 0
Number of asset objects unloaded after import = 9
========================================================================
Received Import Request.
  Time since last request: 0.000082 seconds.
  path: Assets/Externals/PolygonPrototype/Prefabs/NewAssets/SM_Prop_Dart_01.prefab
  artifactKey: Guid(e1dc4b3712aedd241acd811174eb3831) Importer(815301076,1909f56bfc062723c751e8b465ee728b)
Start importing Assets/Externals/PolygonPrototype/Prefabs/NewAssets/SM_Prop_Dart_01.prefab using Guid(e1dc4b3712aedd241acd811174eb3831) Importer(815301076,1909f56bfc062723c751e8b465ee728b)  -> (artifact id: '8513b6db3cae5e0c3081570deec34c7c') in 0.032800 seconds
Number of updated asset objects reloaded before import = 0
Number of asset objects unloaded after import = 9
========================================================================
Received Import Request.
  Time since last request: 0.000041 seconds.
  path: Assets/Externals/PolygonPrototype/Prefabs/NewAssets/SM_Prop_TableTennis_Ball_02.prefab
  artifactKey: Guid(b29b192d3f1693a46bb6763e3a279d41) Importer(815301076,1909f56bfc062723c751e8b465ee728b)
Start importing Assets/Externals/PolygonPrototype/Prefabs/NewAssets/SM_Prop_TableTennis_Ball_02.prefab using Guid(b29b192d3f1693a46bb6763e3a279d41) Importer(815301076,1909f56bfc062723c751e8b465ee728b)  -> (artifact id: 'fb75590e9c5eb371faf5155d94256354') in 0.045452 seconds
Number of updated asset objects reloaded before import = 0
Number of asset objects unloaded after import = 9
========================================================================
Received Import Request.
  Time since last request: 0.000045 seconds.
  path: Assets/Externals/PolygonPrototype/Prefabs/NewAssets/SM_Prop_Horseshoe_Pole_01.prefab
  artifactKey: Guid(e0b1f68500561d34cab11357e0b27526) Importer(815301076,1909f56bfc062723c751e8b465ee728b)
Start importing Assets/Externals/PolygonPrototype/Prefabs/NewAssets/SM_Prop_Horseshoe_Pole_01.prefab using Guid(e0b1f68500561d34cab11357e0b27526) Importer(815301076,1909f56bfc062723c751e8b465ee728b)  -> (artifact id: 'ddc9291b9c56f474fe44deff6696af37') in 0.043328 seconds
Number of updated asset objects reloaded before import = 0
Number of asset objects unloaded after import = 9
========================================================================
Received Import Request.
  Time since last request: 0.000057 seconds.
  path: Assets/Externals/PolygonPrototype/Prefabs/NewAssets/SM_Prop_Minigolf_Club_01.prefab
  artifactKey: Guid(72617192424b535478e42a1093d0273c) Importer(815301076,1909f56bfc062723c751e8b465ee728b)
Start importing Assets/Externals/PolygonPrototype/Prefabs/NewAssets/SM_Prop_Minigolf_Club_01.prefab using Guid(72617192424b535478e42a1093d0273c) Importer(815301076,1909f56bfc062723c751e8b465ee728b)  -> (artifact id: 'f5a2054f748e7176e6f3fe4aa8222b8d') in 0.036575 seconds
Number of updated asset objects reloaded before import = 0
Number of asset objects unloaded after import = 9
========================================================================
Received Import Request.
  Time since last request: 0.000040 seconds.
  path: Assets/Externals/PolygonPrototype/Prefabs/NewAssets/SM_Prop_VR_Headset_02.prefab
  artifactKey: Guid(781783f5d55b96841a8efd922183fe69) Importer(815301076,1909f56bfc062723c751e8b465ee728b)
Start importing Assets/Externals/PolygonPrototype/Prefabs/NewAssets/SM_Prop_VR_Headset_02.prefab using Guid(781783f5d55b96841a8efd922183fe69) Importer(815301076,1909f56bfc062723c751e8b465ee728b)  -> (artifact id: '06525d1d126690686dfce510b151387b') in 0.044150 seconds
Number of updated asset objects reloaded before import = 0
Number of asset objects unloaded after import = 9
========================================================================
Received Import Request.
  Time since last request: 0.000042 seconds.
  path: Assets/Externals/PolygonPrototype/Prefabs/NewAssets/SM_Prop_Horseshoe_Toss_01.prefab
  artifactKey: Guid(3459f611cd11e2349a2738414e81c6b3) Importer(815301076,1909f56bfc062723c751e8b465ee728b)
Start importing Assets/Externals/PolygonPrototype/Prefabs/NewAssets/SM_Prop_Horseshoe_Toss_01.prefab using Guid(3459f611cd11e2349a2738414e81c6b3) Importer(815301076,1909f56bfc062723c751e8b465ee728b)  -> (artifact id: '9ec206bc66bdfb7309ac5bc3de5e19b1') in 0.044944 seconds
Number of updated asset objects reloaded before import = 0
Number of asset objects unloaded after import = 9
========================================================================
Received Import Request.
  Time since last request: 0.000154 seconds.
  path: Assets/Externals/PolygonPrototype/Prefabs/NewAssets/SM_Prop_TableTennis_Ball_01.prefab
  artifactKey: Guid(db5f601278256ba4dbbe8e60aef6545d) Importer(815301076,1909f56bfc062723c751e8b465ee728b)
Start importing Assets/Externals/PolygonPrototype/Prefabs/NewAssets/SM_Prop_TableTennis_Ball_01.prefab using Guid(db5f601278256ba4dbbe8e60aef6545d) Importer(815301076,1909f56bfc062723c751e8b465ee728b)  -> (artifact id: '16bfcf6ef6b2147685b551c067307099') in 0.055984 seconds
Number of updated asset objects reloaded before import = 0
Number of asset objects unloaded after import = 9
========================================================================
Received Import Request.
  Time since last request: 5.941850 seconds.
  path: Assets/Externals/PolygonPrototype/Prefabs/Props/SM_Prop_BoostPad_01.prefab
  artifactKey: Guid(e7f62efc22b4ee04e9e10cc8ac24fac2) Importer(815301076,1909f56bfc062723c751e8b465ee728b)
Start importing Assets/Externals/PolygonPrototype/Prefabs/Props/SM_Prop_BoostPad_01.prefab using Guid(e7f62efc22b4ee04e9e10cc8ac24fac2) Importer(815301076,1909f56bfc062723c751e8b465ee728b)  -> (artifact id: '0fbdfe9e2118e67b975054c38ea6d613') in 0.067299 seconds
Number of updated asset objects reloaded before import = 0
Number of asset objects unloaded after import = 10
========================================================================
Received Import Request.
  Time since last request: 0.000041 seconds.
  path: Assets/Externals/PolygonPrototype/Prefabs/Props/SM_Prop_Sword_01.prefab
  artifactKey: Guid(f124a282fc554ba40aabfad1c3f4d7a9) Importer(815301076,1909f56bfc062723c751e8b465ee728b)
Start importing Assets/Externals/PolygonPrototype/Prefabs/Props/SM_Prop_Sword_01.prefab using Guid(f124a282fc554ba40aabfad1c3f4d7a9) Importer(815301076,1909f56bfc062723c751e8b465ee728b)  -> (artifact id: 'e8b1f1749c48676d86bfc217d16589a2') in 0.056564 seconds
Number of updated asset objects reloaded before import = 0
Number of asset objects unloaded after import = 10
========================================================================
Received Import Request.
  Time since last request: 0.000069 seconds.
  path: Assets/Externals/PolygonPrototype/Prefabs/Props/SM_Prop_Target_01.prefab
  artifactKey: Guid(5f6c85b6f6ab0b24abedd3e57447539c) Importer(815301076,1909f56bfc062723c751e8b465ee728b)
Start importing Assets/Externals/PolygonPrototype/Prefabs/Props/SM_Prop_Target_01.prefab using Guid(5f6c85b6f6ab0b24abedd3e57447539c) Importer(815301076,1909f56bfc062723c751e8b465ee728b)  -> (artifact id: '64bbc45503d89541d0a0be09b3316316') in 0.059459 seconds
Number of updated asset objects reloaded before import = 0
Number of asset objects unloaded after import = 10
========================================================================
Received Import Request.
  Time since last request: 0.000038 seconds.
  path: Assets/Externals/PolygonPrototype/Prefabs/Props/SM_Prop_Crate_01.prefab
  artifactKey: Guid(e1b9e21039285c042b92ea66c7f1c444) Importer(815301076,1909f56bfc062723c751e8b465ee728b)
Start importing Assets/Externals/PolygonPrototype/Prefabs/Props/SM_Prop_Crate_01.prefab using Guid(e1b9e21039285c042b92ea66c7f1c444) Importer(815301076,1909f56bfc062723c751e8b465ee728b)  -> (artifact id: 'c9ce2e838b773b419c98fc1f67215935') in 0.057751 seconds
Number of updated asset objects reloaded before import = 0
Number of asset objects unloaded after import = 11
========================================================================
Received Import Request.
  Time since last request: 0.000063 seconds.
  path: Assets/Externals/PolygonPrototype/Prefabs/Props/SM_Prop_FlagPole_01.prefab
  artifactKey: Guid(263b034a7fd811c40a36ebbe4c1709f7) Importer(815301076,1909f56bfc062723c751e8b465ee728b)
Start importing Assets/Externals/PolygonPrototype/Prefabs/Props/SM_Prop_FlagPole_01.prefab using Guid(263b034a7fd811c40a36ebbe4c1709f7) Importer(815301076,1909f56bfc062723c751e8b465ee728b)  -> (artifact id: '7e891d64644209c1e91d76787b103be4') in 0.076710 seconds
Number of updated asset objects reloaded before import = 0
Number of asset objects unloaded after import = 9
========================================================================
Received Import Request.
  Time since last request: 0.000059 seconds.
  path: Assets/Externals/PolygonPrototype/Prefabs/Props/SM_Prop_WoodPlank_01.prefab
  artifactKey: Guid(7affb776ee83c8e4c8d7ab25aff32905) Importer(815301076,1909f56bfc062723c751e8b465ee728b)
Start importing Assets/Externals/PolygonPrototype/Prefabs/Props/SM_Prop_WoodPlank_01.prefab using Guid(7affb776ee83c8e4c8d7ab25aff32905) Importer(815301076,1909f56bfc062723c751e8b465ee728b)  -> (artifact id: '4592ed693ace371dd309b8a1b6d7df04') in 0.057364 seconds
Number of updated asset objects reloaded before import = 0
Number of asset objects unloaded after import = 10
========================================================================
Received Import Request.
  Time since last request: 0.000035 seconds.
  path: Assets/Externals/PolygonPrototype/Prefabs/Props/SM_Prop_Pipe_Curve_01.prefab
  artifactKey: Guid(3f69af6bac8cc454aa0e1a8cb1d41ac8) Importer(815301076,1909f56bfc062723c751e8b465ee728b)
Start importing Assets/Externals/PolygonPrototype/Prefabs/Props/SM_Prop_Pipe_Curve_01.prefab using Guid(3f69af6bac8cc454aa0e1a8cb1d41ac8) Importer(815301076,1909f56bfc062723c751e8b465ee728b)  -> (artifact id: '77aa5f5e54bf39bacf612b0ee0d410f7') in 0.063480 seconds
Number of updated asset objects reloaded before import = 0
Number of asset objects unloaded after import = 10
========================================================================
Received Import Request.
  Time since last request: 0.000088 seconds.
  path: Assets/Externals/PolygonPrototype/Prefabs/Props/SM_Prop_Pipe_01.prefab
  artifactKey: Guid(fccc32f7d6777ae4ca7ad6d8d47cc94e) Importer(815301076,1909f56bfc062723c751e8b465ee728b)
Start importing Assets/Externals/PolygonPrototype/Prefabs/Props/SM_Prop_Pipe_01.prefab using Guid(fccc32f7d6777ae4ca7ad6d8d47cc94e) Importer(815301076,1909f56bfc062723c751e8b465ee728b)  -> (artifact id: '99356ee90fb02c56c57026b85b7c936e') in 0.059025 seconds
Number of updated asset objects reloaded before import = 0
Number of asset objects unloaded after import = 10
========================================================================
Received Import Request.
  Time since last request: 0.000088 seconds.
  path: Assets/Externals/PolygonPrototype/Prefabs/Props/SM_Prop_Synty_Cube_01.prefab
  artifactKey: Guid(feddb6666a6474b4a80e6e7fc805f21f) Importer(815301076,1909f56bfc062723c751e8b465ee728b)
Start importing Assets/Externals/PolygonPrototype/Prefabs/Props/SM_Prop_Synty_Cube_01.prefab using Guid(feddb6666a6474b4a80e6e7fc805f21f) Importer(815301076,1909f56bfc062723c751e8b465ee728b)  -> (artifact id: 'dcb98e06ea74ee68c34f97a6e37f265f') in 0.060645 seconds
Number of updated asset objects reloaded before import = 0
Number of asset objects unloaded after import = 11
========================================================================
Received Import Request.
  Time since last request: 0.000147 seconds.
  path: Assets/Externals/PolygonPrototype/Prefabs/Props/SM_Prop_Tree_Square_01.prefab
  artifactKey: Guid(0c19a7133235cfa469f2fcae1a85fabf) Importer(815301076,1909f56bfc062723c751e8b465ee728b)
Start importing Assets/Externals/PolygonPrototype/Prefabs/Props/SM_Prop_Tree_Square_01.prefab using Guid(0c19a7133235cfa469f2fcae1a85fabf) Importer(815301076,1909f56bfc062723c751e8b465ee728b)  -> (artifact id: '4621fd1d101f8b85c81c5440069f8a6f') in 0.043209 seconds
Number of updated asset objects reloaded before import = 0
Number of asset objects unloaded after import = 10
========================================================================
Received Import Request.
  Time since last request: 153.089862 seconds.
  path: Assets/Externals/PolygonPrototype/PolygonPrototype_Global_Grid_01.mat
  artifactKey: Guid(7218419a8eb661e4aa4eb124ecab2a5b) Importer(815301076,1909f56bfc062723c751e8b465ee728b)
Start importing Assets/Externals/PolygonPrototype/PolygonPrototype_Global_Grid_01.mat using Guid(7218419a8eb661e4aa4eb124ecab2a5b) Importer(815301076,1909f56bfc062723c751e8b465ee728b)  -> (artifact id: '724e66ad5da61a899848193479046ded') in 0.026536 seconds
Number of updated asset objects reloaded before import = 0
Number of asset objects unloaded after import = 3
========================================================================
Received Import Request.
  Time since last request: 0.000098 seconds.
  path: Assets/Externals/PolygonPrototype/PolygonPrototype_Global_Grid_10.mat
  artifactKey: Guid(8d3409c78ef2bc641ac30b93b9f0efcb) Importer(815301076,1909f56bfc062723c751e8b465ee728b)
Start importing Assets/Externals/PolygonPrototype/PolygonPrototype_Global_Grid_10.mat using Guid(8d3409c78ef2bc641ac30b93b9f0efcb) Importer(815301076,1909f56bfc062723c751e8b465ee728b)  -> (artifact id: '49d43d074cf9aada74500561c7d90106') in 0.025544 seconds
Number of updated asset objects reloaded before import = 0
Number of asset objects unloaded after import = 3
========================================================================
Received Import Request.
  Time since last request: 0.000020 seconds.
  path: Assets/Externals/PolygonPrototype/PolygonPrototype_Texture_10.mat
  artifactKey: Guid(fea14c6be4b56d14d93d46c128403e19) Importer(815301076,1909f56bfc062723c751e8b465ee728b)
Start importing Assets/Externals/PolygonPrototype/PolygonPrototype_Texture_10.mat using Guid(fea14c6be4b56d14d93d46c128403e19) Importer(815301076,1909f56bfc062723c751e8b465ee728b)  -> (artifact id: 'ad17f4b74ac0e0732af6cb35bf9132d7') in 0.022703 seconds
Number of updated asset objects reloaded before import = 0
Number of asset objects unloaded after import = 2
========================================================================
Received Import Request.
  Time since last request: 0.000035 seconds.
  path: Assets/Externals/PolygonPrototype/PolygonPrototype_Texture_05.mat
  artifactKey: Guid(7a7dcd88560e2744dbb17efecbcbc441) Importer(815301076,1909f56bfc062723c751e8b465ee728b)
Start importing Assets/Externals/PolygonPrototype/PolygonPrototype_Texture_05.mat using Guid(7a7dcd88560e2744dbb17efecbcbc441) Importer(815301076,1909f56bfc062723c751e8b465ee728b)  -> (artifact id: '668ef1f86398ed3f1fe2db30f9ba9f28') in 0.023104 seconds
Number of updated asset objects reloaded before import = 0
Number of asset objects unloaded after import = 2
========================================================================
Received Import Request.
  Time since last request: 0.000030 seconds.
  path: Assets/Externals/PolygonPrototype/PolygonPrototype_Texture_07.mat
  artifactKey: Guid(c63fd042b0a6b2f4787465034dbe1848) Importer(815301076,1909f56bfc062723c751e8b465ee728b)
Start importing Assets/Externals/PolygonPrototype/PolygonPrototype_Texture_07.mat using Guid(c63fd042b0a6b2f4787465034dbe1848) Importer(815301076,1909f56bfc062723c751e8b465ee728b)  -> (artifact id: 'c0fbcc56cbbf221a0cc7ff5f81464b2f') in 0.022071 seconds
Number of updated asset objects reloaded before import = 0
Number of asset objects unloaded after import = 2
========================================================================
Received Import Request.
  Time since last request: 0.000038 seconds.
  path: Assets/Externals/PolygonPrototype/PolygonPrototype_Wire_White.mat
  artifactKey: Guid(cac5b0c1a9a791844ae2e221143afee6) Importer(815301076,1909f56bfc062723c751e8b465ee728b)
Start importing Assets/Externals/PolygonPrototype/PolygonPrototype_Wire_White.mat using Guid(cac5b0c1a9a791844ae2e221143afee6) Importer(815301076,1909f56bfc062723c751e8b465ee728b)  -> (artifact id: '8e6ca27a96dadcf7d72b0c27a128547b') in 0.019812 seconds
Number of updated asset objects reloaded before import = 0
Number of asset objects unloaded after import = 2
========================================================================
Received Import Request.
  Time since last request: 0.000023 seconds.
  path: Assets/Externals/PolygonPrototype/PolygonPrototype_Global_Grid_09.mat
  artifactKey: Guid(91e80b1e51a20ef41b3a4bfb2d14c8e0) Importer(815301076,1909f56bfc062723c751e8b465ee728b)
Start importing Assets/Externals/PolygonPrototype/PolygonPrototype_Global_Grid_09.mat using Guid(91e80b1e51a20ef41b3a4bfb2d14c8e0) Importer(815301076,1909f56bfc062723c751e8b465ee728b)  -> (artifact id: '104fc08b60af7988361d7dad3d55062f') in 0.026817 seconds
Number of updated asset objects reloaded before import = 0
Number of asset objects unloaded after import = 3
========================================================================
Received Import Request.
  Time since last request: 0.000021 seconds.
  path: Assets/Externals/PolygonPrototype/PolygonPrototype_Global_Grid_03.mat
  artifactKey: Guid(e9fa9bbe620194d48b9d1750506e3e51) Importer(815301076,1909f56bfc062723c751e8b465ee728b)
Start importing Assets/Externals/PolygonPrototype/PolygonPrototype_Global_Grid_03.mat using Guid(e9fa9bbe620194d48b9d1750506e3e51) Importer(815301076,1909f56bfc062723c751e8b465ee728b)  -> (artifact id: 'c3cbbe286757b08540f833b5b2b1d4d1') in 0.027183 seconds
Number of updated asset objects reloaded before import = 0
Number of asset objects unloaded after import = 3
========================================================================
Received Import Request.
  Time since last request: 0.000018 seconds.
  path: Assets/Externals/PolygonPrototype/PolygonPrototype_Global_Grid_04.mat
  artifactKey: Guid(cf10f337bd690564d86585a56f5e30a4) Importer(815301076,1909f56bfc062723c751e8b465ee728b)
Start importing Assets/Externals/PolygonPrototype/PolygonPrototype_Global_Grid_04.mat using Guid(cf10f337bd690564d86585a56f5e30a4) Importer(815301076,1909f56bfc062723c751e8b465ee728b)  -> (artifact id: 'd1ba381add8fac061c8fd56a119f7c06') in 0.023046 seconds
Number of updated asset objects reloaded before import = 0
Number of asset objects unloaded after import = 3
========================================================================
Received Import Request.
  Time since last request: 0.000031 seconds.
  path: Assets/Externals/PolygonPrototype/PolygonPrototype_Global_Grid_02.mat
  artifactKey: Guid(3e89bc847b5ee4640b90c189f61ecacf) Importer(815301076,1909f56bfc062723c751e8b465ee728b)
Start importing Assets/Externals/PolygonPrototype/PolygonPrototype_Global_Grid_02.mat using Guid(3e89bc847b5ee4640b90c189f61ecacf) Importer(815301076,1909f56bfc062723c751e8b465ee728b)  -> (artifact id: 'ac307c2a8d5315eb76379999b034d249') in 0.022530 seconds
Number of updated asset objects reloaded before import = 0
Number of asset objects unloaded after import = 3
========================================================================
Received Import Request.
  Time since last request: 0.000023 seconds.
  path: Assets/Externals/PolygonPrototype/PolygonPrototype_Global_Grid_06.mat
  artifactKey: Guid(aa016d8d780866d498af4ffc0bdc4184) Importer(815301076,1909f56bfc062723c751e8b465ee728b)
Start importing Assets/Externals/PolygonPrototype/PolygonPrototype_Global_Grid_06.mat using Guid(aa016d8d780866d498af4ffc0bdc4184) Importer(815301076,1909f56bfc062723c751e8b465ee728b)  -> (artifact id: 'b0a3bece1ee85e795a98323b631be043') in 0.026385 seconds
Number of updated asset objects reloaded before import = 0
Number of asset objects unloaded after import = 3
========================================================================
Received Import Request.
  Time since last request: 0.000021 seconds.
  path: Assets/Externals/PolygonPrototype/PolygonPrototype_Global_Grid_07.mat
  artifactKey: Guid(d3d06c0ec0cbb714f8ef7eca57476648) Importer(815301076,1909f56bfc062723c751e8b465ee728b)
Start importing Assets/Externals/PolygonPrototype/PolygonPrototype_Global_Grid_07.mat using Guid(d3d06c0ec0cbb714f8ef7eca57476648) Importer(815301076,1909f56bfc062723c751e8b465ee728b)  -> (artifact id: '06f7338bae196d5a89c4f33dea055cb9') in 0.025299 seconds
Number of updated asset objects reloaded before import = 0
Number of asset objects unloaded after import = 3
========================================================================
Received Import Request.
  Time since last request: 0.000023 seconds.
  path: Assets/Externals/PolygonPrototype/PolygonPrototype_Texture_04.mat
  artifactKey: Guid(462778a8502146f43b3b4fd27fbf2e02) Importer(815301076,1909f56bfc062723c751e8b465ee728b)
Start importing Assets/Externals/PolygonPrototype/PolygonPrototype_Texture_04.mat using Guid(462778a8502146f43b3b4fd27fbf2e02) Importer(815301076,1909f56bfc062723c751e8b465ee728b)  -> (artifact id: '07822cb6570e3313a56429b5ebb92827') in 0.024074 seconds
Number of updated asset objects reloaded before import = 0
Number of asset objects unloaded after import = 2
========================================================================
Received Import Request.
  Time since last request: 0.000024 seconds.
  path: Assets/Externals/PolygonPrototype/PolygonPrototype_Texture_08.mat
  artifactKey: Guid(581aafeeed30c3e478da3b6b7f558823) Importer(815301076,1909f56bfc062723c751e8b465ee728b)
Start importing Assets/Externals/PolygonPrototype/PolygonPrototype_Texture_08.mat using Guid(581aafeeed30c3e478da3b6b7f558823) Importer(815301076,1909f56bfc062723c751e8b465ee728b)  -> (artifact id: 'cbde16d1f608a942effe18a2eaacef2a') in 0.020466 seconds
Number of updated asset objects reloaded before import = 0
Number of asset objects unloaded after import = 2
========================================================================
Received Import Request.
  Time since last request: 0.000026 seconds.
  path: Assets/Externals/PolygonPrototype/PolygonPrototype_Texture_02.mat
  artifactKey: Guid(8714ecccfa187cf499b690038acc417b) Importer(815301076,1909f56bfc062723c751e8b465ee728b)
Start importing Assets/Externals/PolygonPrototype/PolygonPrototype_Texture_02.mat using Guid(8714ecccfa187cf499b690038acc417b) Importer(815301076,1909f56bfc062723c751e8b465ee728b)  -> (artifact id: '2dfed19ae8012b423c8ae3dab2cd024c') in 0.019732 seconds
Number of updated asset objects reloaded before import = 0
Number of asset objects unloaded after import = 2
========================================================================
Received Import Request.
  Time since last request: 0.000030 seconds.
  path: Assets/Externals/PolygonPrototype/PolygonPrototype_Global_Grid_08.mat
  artifactKey: Guid(b9a7d71440addf54ea16bd031aa2b6e5) Importer(815301076,1909f56bfc062723c751e8b465ee728b)
Start importing Assets/Externals/PolygonPrototype/PolygonPrototype_Global_Grid_08.mat using Guid(b9a7d71440addf54ea16bd031aa2b6e5) Importer(815301076,1909f56bfc062723c751e8b465ee728b)  -> (artifact id: '2b79d7f00242390a48efd4e9ed3810a8') in 0.026156 seconds
Number of updated asset objects reloaded before import = 0
Number of asset objects unloaded after import = 3
========================================================================
Received Import Request.
  Time since last request: 0.000019 seconds.
  path: Assets/Externals/PolygonPrototype/PolygonPrototype_Texture_01.mat
  artifactKey: Guid(854dec3977b518d4bb167fb458369e14) Importer(815301076,1909f56bfc062723c751e8b465ee728b)
Start importing Assets/Externals/PolygonPrototype/PolygonPrototype_Texture_01.mat using Guid(854dec3977b518d4bb167fb458369e14) Importer(815301076,1909f56bfc062723c751e8b465ee728b)  -> (artifact id: '0e1b452a364d85446ff13301d23c4e0d') in 0.020901 seconds
Number of updated asset objects reloaded before import = 0
Number of asset objects unloaded after import = 2
========================================================================
Received Import Request.
  Time since last request: 0.000023 seconds.
  path: Assets/Externals/PolygonPrototype/PolygonPrototype_Texture_06.mat
  artifactKey: Guid(558106bb27066c74088482afea664d3d) Importer(815301076,1909f56bfc062723c751e8b465ee728b)
Start importing Assets/Externals/PolygonPrototype/PolygonPrototype_Texture_06.mat using Guid(558106bb27066c74088482afea664d3d) Importer(815301076,1909f56bfc062723c751e8b465ee728b)  -> (artifact id: '4cd7fba6c43d7dbae585bf68363683a2') in 0.024105 seconds
Number of updated asset objects reloaded before import = 0
Number of asset objects unloaded after import = 2
========================================================================
Received Import Request.
  Time since last request: 0.000035 seconds.
  path: Assets/Externals/PolygonPrototype/PolygonPrototype_Texture_09.mat
  artifactKey: Guid(8742acbae3e6c51448986c3bc7b34751) Importer(815301076,1909f56bfc062723c751e8b465ee728b)
Start importing Assets/Externals/PolygonPrototype/PolygonPrototype_Texture_09.mat using Guid(8742acbae3e6c51448986c3bc7b34751) Importer(815301076,1909f56bfc062723c751e8b465ee728b)  -> (artifact id: '90e6a5d19cf4d59157e799e8bdf47dec') in 0.018904 seconds
Number of updated asset objects reloaded before import = 0
Number of asset objects unloaded after import = 2
========================================================================
Received Import Request.
  Time since last request: 0.000027 seconds.
  path: Assets/Externals/PolygonPrototype/PolygonPrototype_Texture_03.mat
  artifactKey: Guid(9ad65494cdb47774abd430d6947fc757) Importer(815301076,1909f56bfc062723c751e8b465ee728b)
Start importing Assets/Externals/PolygonPrototype/PolygonPrototype_Texture_03.mat using Guid(9ad65494cdb47774abd430d6947fc757) Importer(815301076,1909f56bfc062723c751e8b465ee728b)  -> (artifact id: 'd7f35c34b42b787fdd9b00ac032deae2') in 0.021024 seconds
Number of updated asset objects reloaded before import = 0
Number of asset objects unloaded after import = 2
========================================================================
Received Import Request.
  Time since last request: 0.000020 seconds.
  path: Assets/Externals/PolygonPrototype/PolygonPrototype_Global_Grid_05.mat
  artifactKey: Guid(5d1e3dd21a8130e44b59e84d63f29c84) Importer(815301076,1909f56bfc062723c751e8b465ee728b)
Start importing Assets/Externals/PolygonPrototype/PolygonPrototype_Global_Grid_05.mat using Guid(5d1e3dd21a8130e44b59e84d63f29c84) Importer(815301076,1909f56bfc062723c751e8b465ee728b)  -> (artifact id: '01a55232e25c38395fa4ab2c6e5511c2') in 0.026295 seconds
Number of updated asset objects reloaded before import = 0
Number of asset objects unloaded after import = 3
Editor requested this worker to shutdown with reason: Scaling down because of idle timeout
TcpMessagingSession - receive error: operation aborted. errorcode: 995, details: The I/O operation has been aborted because of either a thread exit or an application request.
AssetImportWorker is now disconnected from the server
Process exiting
Exiting without the bug reporter. Application will terminate with return code 0